{"total": {"lines":{"total":312,"covered":219,"skipped":0,"pct":70.19},"statements":{"total":318,"covered":225,"skipped":0,"pct":70.75},"functions":{"total":58,"covered":43,"skipped":0,"pct":74.13},"branches":{"total":171,"covered":106,"skipped":0,"pct":61.98},"branchesTrue":{"total":0,"covered":0,"skipped":0,"pct":"Unknown"}}
,"/Users/ryandahlberg/Projects/commit-relay/lib/governance/compliance.js": {"lines":{"total":86,"covered":55,"skipped":0,"pct":63.95},"functions":{"total":29,"covered":24,"skipped":0,"pct":82.75},"statements":{"total":88,"covered":57,"skipped":0,"pct":64.77},"branches":{"total":31,"covered":11,"skipped":0,"pct":35.48}}
,"/Users/ryandahlberg/Projects/commit-relay/lib/governance/quality-validator.js": {"lines":{"total":226,"covered":164,"skipped":0,"pct":72.56},"functions":{"total":29,"covered":19,"skipped":0,"pct":65.51},"statements":{"total":230,"covered":168,"skipped":0,"pct":73.04},"branches":{"total":140,"covered":95,"skipped":0,"pct":67.85}}
}
