TN:
SF:lib/governance/compliance.js
FN:22,(anonymous_0)
FN:51,(anonymous_1)
FN:52,(anonymous_2)
FN:53,(anonymous_3)
FN:54,(anonymous_4)
FN:55,(anonymous_5)
FN:56,(anonymous_6)
FN:57,(anonymous_7)
FN:58,(anonymous_8)
FN:63,(anonymous_9)
FN:79,(anonymous_10)
FN:96,(anonymous_11)
FN:109,(anonymous_12)
FN:110,(anonymous_13)
FN:111,(anonymous_14)
FN:112,(anonymous_15)
FN:127,(anonymous_16)
FN:130,(anonymous_17)
FN:147,(anonymous_18)
FN:167,(anonymous_19)
FN:210,(anonymous_20)
FN:237,(anonymous_21)
FN:254,(anonymous_22)
FN:293,(anonymous_23)
FN:331,(anonymous_24)
FN:336,(anonymous_25)
FN:341,(anonymous_26)
FN:346,(anonymous_27)
FN:352,(anonymous_28)
FNF:29
FNH:24
FNDA:13,(anonymous_0)
FNDA:5,(anonymous_1)
FNDA:4,(anonymous_2)
FNDA:4,(anonymous_3)
FNDA:5,(anonymous_4)
FNDA:5,(anonymous_5)
FNDA:4,(anonymous_6)
FNDA:4,(anonymous_7)
FNDA:5,(anonymous_8)
FNDA:13,(anonymous_9)
FNDA:32,(anonymous_10)
FNDA:3,(anonymous_11)
FNDA:9,(anonymous_12)
FNDA:9,(anonymous_13)
FNDA:9,(anonymous_14)
FNDA:9,(anonymous_15)
FNDA:2,(anonymous_16)
FNDA:1,(anonymous_17)
FNDA:18,(anonymous_18)
FNDA:11,(anonymous_19)
FNDA:11,(anonymous_20)
FNDA:11,(anonymous_21)
FNDA:15,(anonymous_22)
FNDA:6,(anonymous_23)
FNDA:0,(anonymous_24)
FNDA:0,(anonymous_25)
FNDA:0,(anonymous_26)
FNDA:0,(anonymous_27)
FNDA:0,(anonymous_28)
DA:10,1
DA:11,1
DA:12,1
DA:13,1
DA:15,1
DA:23,13
DA:51,5
DA:52,4
DA:53,4
DA:54,5
DA:55,5
DA:56,4
DA:57,4
DA:58,5
DA:64,13
DA:65,13
DA:67,12
DA:68,12
DA:69,32
DA:70,32
DA:79,32
DA:81,12
DA:97,3
DA:98,3
DA:104,3
DA:109,9
DA:110,9
DA:111,9
DA:112,9
DA:117,3
DA:118,0
DA:121,3
DA:129,2
DA:130,1
DA:133,2
DA:134,2
DA:135,1
DA:138,1
DA:148,18
DA:168,11
DA:171,11
DA:200,11
DA:201,0
DA:204,11
DA:212,11
DA:219,11
DA:226,11
DA:227,11
DA:228,44
DA:231,11
DA:239,11
DA:256,15
DA:294,6
DA:295,6
DA:297,6
DA:322,1
DA:325,1
DA:326,0
DA:328,0
DA:329,0
DA:330,0
DA:331,0
DA:332,0
DA:334,0
DA:335,0
DA:336,0
DA:337,0
DA:339,0
DA:340,0
DA:341,0
DA:342,0
DA:344,0
DA:345,0
DA:346,0
DA:347,0
DA:349,0
DA:350,0
DA:351,0
DA:352,0
DA:353,0
DA:356,0
DA:357,0
DA:358,0
DA:359,0
DA:360,0
DA:361,0
LF:86
LH:55
BRDA:15,0,0,1
BRDA:15,0,1,1
BRDA:65,1,0,1
BRDA:65,1,1,12
BRDA:117,2,0,0
BRDA:117,2,1,3
BRDA:134,3,0,1
BRDA:134,3,1,1
BRDA:200,4,0,0
BRDA:200,4,1,11
BRDA:237,5,0,6
BRDA:300,6,0,6
BRDA:300,6,1,0
BRDA:301,7,0,0
BRDA:301,7,1,0
BRDA:325,8,0,0
BRDA:325,8,1,1
BRDA:328,9,0,0
BRDA:328,9,1,0
BRDA:329,10,0,0
BRDA:329,10,1,0
BRDA:334,11,0,0
BRDA:334,11,1,0
BRDA:339,12,0,0
BRDA:339,12,1,0
BRDA:344,13,0,0
BRDA:344,13,1,0
BRDA:349,14,0,0
BRDA:349,14,1,0
BRDA:350,15,0,0
BRDA:350,15,1,0
BRF:31
BRH:11
end_of_record
TN:
SF:lib/governance/quality-validator.js
FN:24,(anonymous_0)
FN:56,(anonymous_1)
FN:138,(anonymous_2)
FN:181,(anonymous_3)
FN:251,(anonymous_4)
FN:315,(anonymous_5)
FN:369,(anonymous_6)
FN:427,(anonymous_7)
FN:479,(anonymous_8)
FN:497,(anonymous_9)
FN:506,(anonymous_10)
FN:515,(anonymous_11)
FN:524,(anonymous_12)
FN:534,(anonymous_13)
FN:546,(anonymous_14)
FN:549,(anonymous_15)
FN:551,(anonymous_16)
FN:557,(anonymous_17)
FN:562,(anonymous_18)
FN:575,(anonymous_19)
FN:576,(anonymous_20)
FN:590,(anonymous_21)
FN:591,(anonymous_22)
FN:619,(anonymous_23)
FN:654,(anonymous_24)
FN:657,(anonymous_25)
FN:660,(anonymous_26)
FN:666,(anonymous_27)
FN:668,(anonymous_28)
FNF:29
FNH:19
FNDA:27,(anonymous_0)
FNDA:41,(anonymous_1)
FNDA:41,(anonymous_2)
FNDA:41,(anonymous_3)
FNDA:41,(anonymous_4)
FNDA:41,(anonymous_5)
FNDA:41,(anonymous_6)
FNDA:41,(anonymous_7)
FNDA:41,(anonymous_8)
FNDA:17,(anonymous_9)
FNDA:0,(anonymous_10)
FNDA:0,(anonymous_11)
FNDA:0,(anonymous_12)
FNDA:41,(anonymous_13)
FNDA:1,(anonymous_14)
FNDA:3,(anonymous_15)
FNDA:3,(anonymous_16)
FNDA:3,(anonymous_17)
FNDA:3,(anonymous_18)
FNDA:3,(anonymous_19)
FNDA:3,(anonymous_20)
FNDA:0,(anonymous_21)
FNDA:0,(anonymous_22)
FNDA:1,(anonymous_23)
FNDA:0,(anonymous_24)
FNDA:0,(anonymous_25)
FNDA:0,(anonymous_26)
FNDA:0,(anonymous_27)
FNDA:0,(anonymous_28)
DA:20,2
DA:21,2
DA:25,27
DA:26,27
DA:29,27
DA:39,27
DA:57,41
DA:68,41
DA:70,41
DA:73,41
DA:76,41
DA:79,41
DA:82,41
DA:85,41
DA:88,41
DA:97,41
DA:98,41
DA:100,41
DA:101,246
DA:102,246
DA:103,246
DA:105,246
DA:106,7
DA:107,7
DA:112,41
DA:115,41
DA:118,41
DA:120,41
DA:123,0
DA:124,0
DA:125,0
DA:131,0
DA:139,41
DA:146,41
DA:147,41
DA:150,41
DA:151,164
DA:152,13
DA:153,13
DA:154,13
DA:164,41
DA:165,39
DA:166,39
DA:174,41
DA:175,41
DA:182,41
DA:190,41
DA:191,0
DA:192,0
DA:193,0
DA:202,41
DA:203,41
DA:204,2
DA:205,2
DA:206,2
DA:215,41
DA:216,13
DA:217,2
DA:218,2
DA:220,2
DA:221,1
DA:222,1
DA:223,1
DA:234,41
DA:235,0
DA:236,0
DA:244,41
DA:245,41
DA:252,41
DA:259,41
DA:261,41
DA:262,4
DA:263,4
DA:269,4
DA:272,37
DA:275,37
DA:276,33
DA:277,33
DA:286,37
DA:287,0
DA:288,0
DA:297,37
DA:298,37
DA:299,15
DA:300,15
DA:308,37
DA:309,37
DA:316,41
DA:323,41
DA:325,41
DA:327,39
DA:328,39
DA:332,2
DA:333,3
DA:335,3
DA:337,3
DA:338,3
DA:340,3
DA:341,3
DA:348,0
DA:350,0
DA:351,0
DA:352,0
DA:362,2
DA:363,2
DA:370,41
DA:377,41
DA:378,41
DA:379,41
DA:381,41
DA:382,34
DA:385,7
DA:388,7
DA:389,0
DA:390,0
DA:399,7
DA:400,2
DA:401,2
DA:410,7
DA:411,4
DA:412,4
DA:420,7
DA:421,7
DA:428,41
DA:435,41
DA:436,41
DA:437,41
DA:440,41
DA:441,1
DA:442,1
DA:451,41
DA:452,22
DA:453,22
DA:462,41
DA:463,25
DA:464,25
DA:472,41
DA:473,41
DA:480,41
DA:483,41
DA:484,41
DA:485,20
DA:486,7
DA:488,20
DA:492,41
DA:493,4
DA:497,17
DA:501,41
DA:502,0
DA:506,0
DA:510,41
DA:511,0
DA:515,0
DA:519,41
DA:520,0
DA:524,0
DA:528,41
DA:535,41
DA:536,41
DA:537,41
DA:539,0
DA:547,1
DA:548,1
DA:549,3
DA:551,1
DA:552,3
DA:553,3
DA:555,0
DA:557,3
DA:560,1
DA:561,1
DA:562,3
DA:564,1
DA:565,0
DA:575,3
DA:576,3
DA:579,1
DA:580,1
DA:581,3
DA:582,0
DA:583,0
DA:585,0
DA:589,1
DA:590,0
DA:591,0
DA:594,1
DA:603,0
DA:604,0
DA:612,0
DA:620,1
DA:621,1
DA:623,1
DA:624,0
DA:627,1
DA:628,1
DA:630,1
DA:631,1
DA:632,0
DA:633,0
DA:636,0
DA:640,2
DA:643,2
DA:644,0
DA:645,0
DA:647,0
DA:648,0
DA:649,0
DA:650,0
DA:651,0
DA:654,0
DA:655,0
DA:656,0
DA:658,0
DA:659,0
DA:661,0
DA:662,0
DA:664,0
DA:665,0
DA:666,0
DA:667,0
DA:669,0
DA:670,0
DA:673,0
DA:674,0
DA:675,0
DA:676,0
LF:226
LH:164
BRDA:24,0,0,0
BRDA:25,1,0,27
BRDA:25,1,1,27
BRDA:25,1,2,27
BRDA:26,2,0,27
BRDA:26,2,1,0
BRDA:101,3,0,246
BRDA:101,3,1,0
BRDA:105,4,0,7
BRDA:105,4,1,239
BRDA:112,5,0,41
BRDA:112,5,1,0
BRDA:146,6,0,41
BRDA:146,6,1,1
BRDA:151,7,0,13
BRDA:151,7,1,151
BRDA:164,8,0,39
BRDA:164,8,1,2
BRDA:164,9,0,41
BRDA:164,9,1,4
BRDA:190,10,0,0
BRDA:190,10,1,41
BRDA:190,11,0,41
BRDA:190,11,1,41
BRDA:203,12,0,2
BRDA:203,12,1,39
BRDA:203,13,0,41
BRDA:203,13,1,40
BRDA:215,14,0,13
BRDA:215,14,1,28
BRDA:216,15,0,2
BRDA:216,15,1,11
BRDA:216,16,0,13
BRDA:216,16,1,2
BRDA:220,17,0,1
BRDA:220,17,1,1
BRDA:234,18,0,0
BRDA:234,18,1,41
BRDA:234,19,0,41
BRDA:234,19,1,37
BRDA:261,20,0,4
BRDA:261,20,1,37
BRDA:261,21,0,41
BRDA:261,21,1,37
BRDA:275,22,0,33
BRDA:275,22,1,4
BRDA:286,23,0,0
BRDA:286,23,1,37
BRDA:298,24,0,15
BRDA:298,24,1,22
BRDA:298,25,0,37
BRDA:298,25,1,27
BRDA:323,26,0,41
BRDA:323,26,1,4
BRDA:325,27,0,39
BRDA:325,27,1,2
BRDA:333,28,0,3
BRDA:333,28,1,0
BRDA:335,29,0,0
BRDA:335,29,1,3
BRDA:348,30,0,0
BRDA:348,30,1,0
BRDA:350,31,0,0
BRDA:350,31,1,0
BRDA:350,32,0,0
BRDA:350,32,1,0
BRDA:377,33,0,41
BRDA:377,33,1,34
BRDA:378,34,0,41
BRDA:378,34,1,34
BRDA:381,35,0,34
BRDA:381,35,1,7
BRDA:388,36,0,0
BRDA:388,36,1,7
BRDA:388,37,0,7
BRDA:388,37,1,0
BRDA:399,38,0,2
BRDA:399,38,1,5
BRDA:410,39,0,4
BRDA:410,39,1,3
BRDA:410,40,0,7
BRDA:410,40,1,7
BRDA:410,40,2,4
BRDA:410,41,0,4
BRDA:410,41,1,0
BRDA:435,42,0,41
BRDA:435,42,1,28
BRDA:436,43,0,41
BRDA:436,43,1,35
BRDA:437,44,0,41
BRDA:437,44,1,35
BRDA:440,45,0,1
BRDA:440,45,1,40
BRDA:451,46,0,22
BRDA:451,46,1,19
BRDA:451,47,0,41
BRDA:451,47,1,27
BRDA:462,48,0,25
BRDA:462,48,1,16
BRDA:462,49,0,41
BRDA:462,49,1,39
BRDA:485,50,0,7
BRDA:485,50,1,13
BRDA:492,51,0,4
BRDA:492,51,1,37
BRDA:501,52,0,0
BRDA:501,52,1,41
BRDA:510,53,0,0
BRDA:510,53,1,41
BRDA:519,54,0,0
BRDA:519,54,1,41
BRDA:546,55,0,0
BRDA:560,56,0,1
BRDA:560,56,1,0
BRDA:564,57,0,0
BRDA:564,57,1,1
BRDA:582,58,0,0
BRDA:582,58,1,0
BRDA:603,59,0,0
BRDA:603,59,1,0
BRDA:605,60,0,0
BRDA:605,60,1,0
BRDA:623,61,0,0
BRDA:623,61,1,1
BRDA:630,62,0,1
BRDA:630,62,1,0
BRDA:632,63,0,0
BRDA:632,63,1,0
BRDA:643,64,0,0
BRDA:643,64,1,2
BRDA:647,65,0,0
BRDA:647,65,1,0
BRDA:649,66,0,0
BRDA:649,66,1,0
BRDA:659,67,0,0
BRDA:659,67,1,0
BRDA:664,68,0,0
BRDA:664,68,1,0
BRDA:665,69,0,0
BRDA:665,69,1,0
BRF:140
BRH:95
end_of_record
